<?xml version="1.0" encoding="UTF-8"?>
<!-- Generated by org.testng.reporters.JUnitXMLReporter -->
<testsuite ignored="0" hostname="CHAITUVINI" failures="1" tests="3" name="Test" time="1.177" errors="0" timestamp="2023-01-04T12:19:56 IST">
  <testcase classname="TestCases.Tc2Test" name="m2" time="0.048"/>
  <testcase classname="TestCases.Tc3Test" name="m3" time="0.011"/>
  <testcase classname="TestCases.Tc1Test" name="m1" time="0.004">
    <failure type="java.lang.Error" message="Unresolved compilation problem: 
	mmmmmmmReporter cannot be resolved
">
      <![CDATA[java.lang.Error: Unresolved compilation problem: 
mmmmmmmReporter cannot be resolved

at TestCases.Tc1Test.m1(Tc1Test.java:15)
at java.base/java.util.ArrayList.forEach(ArrayList.java:1511)
... Removed 27 stack frames]]>
    </failure>
  </testcase> <!-- m1 -->
</testsuite> <!-- Test -->
